<?xml version="1.0" encoding="UTF-8"?>
<!-- Generated by org.testng.reporters.JUnitReportReporter -->
<testsuite hostname="ShareefDell" failures="0" tests="1" name="testNGExamples.TestExample7" time="0.188" errors="1" timestamp="07 Jan 2024 11:31:41 GMT" skipped="0">
  <testcase classname="testNGExamples.TestExample7" name="testMethod" time="0.188">
    <error message="Method testNGExamples.TestExample7.testMethod() didn&#039;t finish within the time-out 100" type="org.testng.internal.thread.ThreadTimeoutException">
      <![CDATA[org.testng.internal.thread.ThreadTimeoutException: Method testNGExamples.TestExample7.testMethod() didn't finish within the time-out 100
at java.base@17.0.9/java.io.FileOutputStream.writeBytes(Native Method)
at java.base@17.0.9/java.io.FileOutputStream.write(FileOutputStream.java:349)
at java.base@17.0.9/java.io.BufferedOutputStream.flushBuffer(BufferedOutputStream.java:81)
at java.base@17.0.9/java.io.BufferedOutputStream.flush(BufferedOutputStream.java:142)
at java.base@17.0.9/java.io.PrintStream.write(PrintStream.java:570)
at java.base@17.0.9/sun.nio.cs.StreamEncoder.writeBytes(StreamEncoder.java:234)
at java.base@17.0.9/sun.nio.cs.StreamEncoder.implFlushBuffer(StreamEncoder.java:313)
at java.base@17.0.9/sun.nio.cs.StreamEncoder.flushBuffer(StreamEncoder.java:111)
at java.base@17.0.9/java.io.OutputStreamWriter.flushBuffer(OutputStreamWriter.java:178)
at java.base@17.0.9/java.io.PrintStream.writeln(PrintStream.java:723)
at java.base@17.0.9/java.io.PrintStream.println(PrintStream.java:1028)
at app//testNGExamples.TestExample7.testMethod(TestExample7.java:9)
at jdk.internal.reflect.GeneratedMethodAccessor1.invoke(Unknown Source)
at java.base@17.0.9/jdk.internal.reflect.DelegatingMethodAccessorImpl.invoke(DelegatingMethodAccessorImpl.java:43)
at java.base@17.0.9/java.lang.reflect.Method.invoke(Method.java:568)
at app//org.testng.internal.MethodInvocationHelper.invokeMethod(MethodInvocationHelper.java:124)
at app//org.testng.internal.InvokeMethodRunnable.runOne(InvokeMethodRunnable.java:54)
at app//org.testng.internal.InvokeMethodRunnable.run(InvokeMethodRunnable.java:40)
at java.base@17.0.9/java.util.concurrent.Executors$RunnableAdapter.call(Executors.java:539)
at java.base@17.0.9/java.util.concurrent.FutureTask.run(FutureTask.java:264)
at java.base@17.0.9/java.util.concurrent.ThreadPoolExecutor.runWorker(ThreadPoolExecutor.java:1136)
at java.base@17.0.9/java.util.concurrent.ThreadPoolExecutor$Worker.run(ThreadPoolExecutor.java:635)
at java.base@17.0.9/java.lang.Thread.run(Thread.java:842)
]]>
    </error>
  </testcase> <!-- testMethod -->
</testsuite> <!-- testNGExamples.TestExample7 -->
